k:\work\pch\dx_3d_study.pch
k:\work\git\dx_3d_study\debug\vc140.pdb
k:\work\git\dx_3d_study\debug\vc140.idb
k:\work\git\dx_3d_study\debug\stdafx.obj
k:\work\git\dx_3d_study\debug\dx_3d_study.obj
k:\work\git\dx_3d_study\debug\materialloader.obj
k:\work\git\dx_3d_study\debug\textureloader.obj
k:\work\git\dx_3d_study\debug\cboxman.obj
k:\work\git\dx_3d_study\debug\ccamera.obj
k:\work\git\dx_3d_study\debug\ccubepc.obj
k:\work\git\dx_3d_study\debug\cdevicemanager.obj
k:\work\git\dx_3d_study\debug\cgrid.obj
k:\work\git\dx_3d_study\debug\chexagon.obj
k:\work\git\dx_3d_study\debug\cmaingame.obj
k:\work\git\dx_3d_study\debug\cmap.obj
k:\work\git\dx_3d_study\debug\objloader.obj
k:\work\git\dx_3d_study\debug\ccubeobj.obj
k:\work\git\dx_3d_study\debug\case_char.obj
k:\work\git\dx_3d_study\debug\caseloader.obj
k:\work\git\dx_3d_study\debug\dx_3d_study.ilk
k:\work\git\dx_3d_study\debug\dx_3d_study.exe
k:\work\git\dx_3d_study\debug\dx_3d_study.pdb
k:\work\git\dx_3d_study\debug\dx_3d_study.res
k:\work\git\dx_3d_study\debug\ccubepnt.obj
k:\work\git\dx_3d_study\debug\cboxman.obj.enc
k:\work\git\dx_3d_study\debug\ccamera.obj.enc
k:\work\git\dx_3d_study\debug\cdevicemanager.obj.enc
k:\work\git\dx_3d_study\debug\chexagon.obj.enc
k:\work\git\dx_3d_study\debug\cmaingame.obj.enc
k:\work\git\dx_3d_study\debug\cmap.obj.enc
k:\work\git\dx_3d_study\debug\dx_3d_study.obj.enc
k:\work\git\dx_3d_study\debug\materialloader.obj.enc
k:\work\git\dx_3d_study\debug\objloader.obj.enc
k:\work\git\dx_3d_study\debug\textureloader.obj.enc
k:\work\git\dx_3d_study\debug\dx_3d_study.tlog\cl.command.1.tlog
k:\work\git\dx_3d_study\debug\dx_3d_study.tlog\cl.read.1.tlog
k:\work\git\dx_3d_study\debug\dx_3d_study.tlog\cl.write.1.tlog
k:\work\git\dx_3d_study\debug\dx_3d_study.tlog\link.command.1.tlog
k:\work\git\dx_3d_study\debug\dx_3d_study.tlog\link.read.1.tlog
k:\work\git\dx_3d_study\debug\dx_3d_study.tlog\link.write.1.tlog
k:\work\git\dx_3d_study\debug\dx_3d_study.tlog\rc.command.1.tlog
k:\work\git\dx_3d_study\debug\dx_3d_study.tlog\rc.read.1.tlog
k:\work\git\dx_3d_study\debug\dx_3d_study.tlog\rc.write.1.tlog
