k:\work\git\study\study\debug\study.pch
k:\work\git\study\study\debug\vc141.pdb
k:\work\git\study\study\debug\vc141.idb
k:\work\git\study\study\debug\stdafx.obj
k:\work\git\study\study\debug\study.obj
k:\work\git\study\study\debug\stopwatch.obj
k:\work\git\study\study\debug\stackofintegers.obj
k:\work\git\study\study\debug\rectangle2d.obj
k:\work\git\study\study\debug\rectangle.obj
k:\work\git\study\study\debug\mypoint.obj
k:\work\git\study\study\debug\loan.obj
k:\work\git\study\study\debug\course.obj
k:\work\git\study\study\debug\circle2d.obj
k:\work\git\study\study\debug\circle.obj
k:\work\git\study\debug\study.pdb
k:\work\git\study\study\debug\study.tlog\cl.command.1.tlog
k:\work\git\study\study\debug\study.tlog\cl.read.1.tlog
k:\work\git\study\study\debug\study.tlog\cl.write.1.tlog
k:\work\git\study\study\debug\study.tlog\link-cvtres.read.1.tlog
k:\work\git\study\study\debug\study.tlog\link-cvtres.write.1.tlog
k:\work\git\study\study\debug\study.tlog\link-rc.read.1.tlog
k:\work\git\study\study\debug\study.tlog\link-rc.write.1.tlog
k:\work\git\study\study\debug\study.tlog\link.command.1.tlog
k:\work\git\study\study\debug\study.tlog\link.read.1.tlog
k:\work\git\study\study\debug\study.tlog\link.write.1.tlog
