k:\work\git\외길인생_검투사의길\winapi_2d\debug\winapi_2d.pch
k:\work\git\외길인생_검투사의길\winapi_2d\debug\vc141.pdb
k:\work\git\외길인생_검투사의길\winapi_2d\debug\vc141.idb
k:\work\git\외길인생_검투사의길\winapi_2d\debug\stdafx.obj
k:\work\git\외길인생_검투사의길\winapi_2d\debug\winapi_2d.obj
k:\work\git\외길인생_검투사의길\winapi_2d\debug\cshopscene.obj
k:\work\git\외길인생_검투사의길\winapi_2d\debug\scenemanager.obj
k:\work\git\외길인생_검투사의길\winapi_2d\debug\cmanager.obj
k:\work\git\외길인생_검투사의길\debug\winapi_2d.exe
k:\work\git\외길인생_검투사의길\debug\winapi_2d.ilk
k:\work\git\외길인생_검투사의길\debug\winapi_2d.pdb
k:\work\git\외길인생_검투사의길\winapi_2d\debug\winapi_2d.res
k:\work\git\외길인생_검투사의길\winapi_2d\debug\scenemanager.obj.enc
k:\work\git\외길인생_검투사의길\winapi_2d\debug\winapi_2d.obj.enc
k:\work\git\외길인생_검투사의길\winapi_2d\debug\winapi_2d.tlog\cl.command.1.tlog
k:\work\git\외길인생_검투사의길\winapi_2d\debug\winapi_2d.tlog\cl.read.1.tlog
k:\work\git\외길인생_검투사의길\winapi_2d\debug\winapi_2d.tlog\cl.write.1.tlog
k:\work\git\외길인생_검투사의길\winapi_2d\debug\winapi_2d.tlog\link.command.1.tlog
k:\work\git\외길인생_검투사의길\winapi_2d\debug\winapi_2d.tlog\link.read.1.tlog
k:\work\git\외길인생_검투사의길\winapi_2d\debug\winapi_2d.tlog\link.write.1.tlog
k:\work\git\외길인생_검투사의길\winapi_2d\debug\winapi_2d.tlog\rc.command.1.tlog
k:\work\git\외길인생_검투사의길\winapi_2d\debug\winapi_2d.tlog\rc.read.1.tlog
k:\work\git\외길인생_검투사의길\winapi_2d\debug\winapi_2d.tlog\rc.write.1.tlog
