  API_Q3_1.cpp
k:\work\git\study_api\study_api\api_q3_1.cpp(101): warning C4018: '<': signed 또는 unsigned가 일치하지 않습니다.
k:\work\git\study_api\study_api\api_q3_1.cpp(107): warning C4018: '<': signed 또는 unsigned가 일치하지 않습니다.
k:\work\git\study_api\study_api\api_q3_1.cpp(110): warning C4018: '<': signed 또는 unsigned가 일치하지 않습니다.
k:\work\git\study_api\study_api\api_q3_1.cpp(151): warning C4018: '<': signed 또는 unsigned가 일치하지 않습니다.
k:\work\git\study_api\study_api\api_q3_1.cpp(155): warning C4244: '인수': 'double'에서 'int'(으)로 변환하면서 데이터가 손실될 수 있습니다.
k:\work\git\study_api\study_api\api_q3_1.cpp(154): warning C4244: '인수': 'double'에서 'int'(으)로 변환하면서 데이터가 손실될 수 있습니다.
k:\work\git\study_api\study_api\api_q3_1.cpp(83): warning C4101: 'st' :참조되지 않은 지역 변수입니다.
  Circle.cpp
k:\work\git\study_api\study_api\circle.cpp(20): warning C4244: '=': 'double'에서 'int'(으)로 변환하면서 데이터가 손실될 수 있습니다.
k:\work\git\study_api\study_api\circle.cpp(21): warning C4244: '=': 'double'에서 'int'(으)로 변환하면서 데이터가 손실될 수 있습니다.
k:\work\git\study_api\study_api\circle.cpp(22): warning C4244: '=': 'double'에서 'int'(으)로 변환하면서 데이터가 손실될 수 있습니다.
k:\work\git\study_api\study_api\circle.cpp(32): warning C4244: '=': 'double'에서 'int'(으)로 변환하면서 데이터가 손실될 수 있습니다.
k:\work\git\study_api\study_api\circle.cpp(42): warning C4244: '=': 'double'에서 'int'(으)로 변환하면서 데이터가 손실될 수 있습니다.
k:\work\git\study_api\study_api\circle.cpp(63): warning C4244: '인수': 'double'에서 'int'(으)로 변환하면서 데이터가 손실될 수 있습니다.
k:\work\git\study_api\study_api\circle.cpp(64): warning C4244: '인수': 'double'에서 'int'(으)로 변환하면서 데이터가 손실될 수 있습니다.
k:\work\git\study_api\study_api\circle.cpp(74): warning C4244: '인수': 'double'에서 'int'(으)로 변환하면서 데이터가 손실될 수 있습니다.
k:\work\git\study_api\study_api\circle.cpp(75): warning C4244: '인수': 'double'에서 'int'(으)로 변환하면서 데이터가 손실될 수 있습니다.
k:\work\git\study_api\study_api\circle.cpp(121): warning C4244: '인수': 'double'에서 'int'(으)로 변환하면서 데이터가 손실될 수 있습니다.
k:\work\git\study_api\study_api\circle.cpp(131): warning C4244: '인수': 'double'에서 'int'(으)로 변환하면서 데이터가 손실될 수 있습니다.
  코드를 생성하고 있습니다...
  study_API.vcxproj -> K:\WORK\git\study_API\Debug\study_API.exe
