  Win32_Server.cpp
k:\work\git\network\win32_server\win32_server.cpp(241): warning C4018: '<': signed 또는 unsigned가 일치하지 않습니다.
k:\work\git\network\win32_server\win32_server.cpp(266): warning C4018: '<': signed 또는 unsigned가 일치하지 않습니다.
k:\work\git\network\win32_server\win32_server.cpp(311): warning C4018: '<': signed 또는 unsigned가 일치하지 않습니다.
k:\work\git\network\win32_server\win32_server.cpp(168): warning C4996: 'inet_addr': Use inet_pton() or InetPton() instead or define _WINSOCK_DEPRECATED_NO_WARNINGS to disable deprecated API warnings
  c:\program files (x86)\windows kits\8.1\include\um\winsock2.h(1850): note: 'inet_addr' 선언을 참조하십시오.
k:\work\git\network\win32_server\win32_server.cpp(183): warning C4996: 'WSAAsyncSelect': Use WSAEventSelect() instead or define _WINSOCK_DEPRECATED_NO_WARNINGS to disable deprecated API warnings
  c:\program files (x86)\windows kits\8.1\include\um\winsock2.h(2699): note: 'WSAAsyncSelect' 선언을 참조하십시오.
k:\work\git\network\win32_server\win32_server.cpp(204): warning C4996: 'WSAAsyncSelect': Use WSAEventSelect() instead or define _WINSOCK_DEPRECATED_NO_WARNINGS to disable deprecated API warnings
  c:\program files (x86)\windows kits\8.1\include\um\winsock2.h(2699): note: 'WSAAsyncSelect' 선언을 참조하십시오.
k:\work\git\network\win32_server\win32_server.cpp(207): warning C4996: 'sprintf': This function or variable may be unsafe. Consider using sprintf_s instead. To disable deprecation, use _CRT_SECURE_NO_WARNINGS. See online help for details.
  c:\program files (x86)\windows kits\10\include\10.0.10240.0\ucrt\stdio.h(1769): note: 'sprintf' 선언을 참조하십시오.
k:\work\git\network\win32_server\win32_server.cpp(217): warning C4996: 'WSAAsyncSelect': Use WSAEventSelect() instead or define _WINSOCK_DEPRECATED_NO_WARNINGS to disable deprecated API warnings
  c:\program files (x86)\windows kits\8.1\include\um\winsock2.h(2699): note: 'WSAAsyncSelect' 선언을 참조하십시오.
k:\work\git\network\win32_server\win32_server.cpp(226): warning C4996: 'WSAAsyncSelect': Use WSAEventSelect() instead or define _WINSOCK_DEPRECATED_NO_WARNINGS to disable deprecated API warnings
  c:\program files (x86)\windows kits\8.1\include\um\winsock2.h(2699): note: 'WSAAsyncSelect' 선언을 참조하십시오.
k:\work\git\network\win32_server\win32_server.cpp(228): warning C4996: 'sprintf': This function or variable may be unsafe. Consider using sprintf_s instead. To disable deprecation, use _CRT_SECURE_NO_WARNINGS. See online help for details.
  c:\program files (x86)\windows kits\10\include\10.0.10240.0\ucrt\stdio.h(1769): note: 'sprintf' 선언을 참조하십시오.
k:\work\git\network\win32_server\win32_server.cpp(259): warning C4996: 'sprintf': This function or variable may be unsafe. Consider using sprintf_s instead. To disable deprecation, use _CRT_SECURE_NO_WARNINGS. See online help for details.
  c:\program files (x86)\windows kits\10\include\10.0.10240.0\ucrt\stdio.h(1769): note: 'sprintf' 선언을 참조하십시오.
k:\work\git\network\win32_server\win32_server.cpp(354): warning C4101: 'wsadata' :참조되지 않은 지역 변수입니다.
k:\work\git\network\win32_server\win32_server.cpp(371): warning C4700: 초기화되지 않은 's' 지역 변수를 사용했습니다.
  Win32_Server.vcxproj -> K:\WORK\git\Network\Win32_Server\Debug\Win32_Server.exe
  Win32_Server.vcxproj -> K:\WORK\git\Network\Win32_Server\Debug\Win32_Server.pdb (Full PDB)
