  cReadOwmdl.cpp
i:\tools\owm_viewer\owm_viewer\creadowmdl.cpp(34): warning C4018: '<': signed 또는 unsigned가 일치하지 않습니다.
i:\tools\owm_viewer\owm_viewer\creadowmdl.cpp(144): warning C4477: 'scanf_s' : 서식 문자열 '%d'에 'int *' 형식의 인수가 필요하지만 variadic 인수 1의 형식이 'int'입니다.
i:\tools\owm_viewer\owm_viewer\creadowmdl.cpp(28): warning C4101: 'tmp' :참조되지 않은 지역 변수입니다.
i:\tools\owm_viewer\owm_viewer\creadowmdl.cpp(23): warning C4101: 'nFSize' :참조되지 않은 지역 변수입니다.
i:\tools\owm_viewer\owm_viewer\creadowmdl.cpp(163): warning C4018: '<': signed 또는 unsigned가 일치하지 않습니다.
i:\tools\owm_viewer\owm_viewer\creadowmdl.cpp(208): warning C4018: '<': signed 또는 unsigned가 일치하지 않습니다.
i:\tools\owm_viewer\owm_viewer\creadowmdl.cpp(266): warning C4018: '<': signed 또는 unsigned가 일치하지 않습니다.
i:\tools\owm_viewer\owm_viewer\creadowmdl.cpp(268): warning C4101: 'tmp_str' :참조되지 않은 지역 변수입니다.
i:\tools\owm_viewer\owm_viewer\creadowmdl.cpp(309): warning C4018: '<': signed 또는 unsigned가 일치하지 않습니다.
i:\tools\owm_viewer\owm_viewer\creadowmdl.cpp(349): warning C4018: '<': signed 또는 unsigned가 일치하지 않습니다.
i:\tools\owm_viewer\owm_viewer\creadowmdl.cpp(351): warning C4101: 'tmp_str' :참조되지 않은 지역 변수입니다.
i:\tools\owm_viewer\owm_viewer\creadowmdl.cpp(407): warning C4996: 'itoa': The POSIX name for this item is deprecated. Instead, use the ISO C and C++ conformant name: _itoa. See online help for details.
  c:\program files (x86)\windows kits\10\include\10.0.10240.0\ucrt\stdlib.h(1316): note: 'itoa' 선언을 참조하십시오.
i:\tools\owm_viewer\owm_viewer\creadowmdl.cpp(410): warning C4996: 'itoa': The POSIX name for this item is deprecated. Instead, use the ISO C and C++ conformant name: _itoa. See online help for details.
  c:\program files (x86)\windows kits\10\include\10.0.10240.0\ucrt\stdlib.h(1316): note: 'itoa' 선언을 참조하십시오.
i:\tools\owm_viewer\owm_viewer\creadowmdl.cpp(421): warning C4477: 'scanf_s' : 서식 문자열 '%d'에 'int *' 형식의 인수가 필요하지만 variadic 인수 1의 형식이 'int'입니다.
i:\tools\owm_viewer\owm_viewer\creadowmdl.cpp(147): warning C4715: 'cReadOwmdl::ReadFile': 모든 제어 경로에서 값을 반환하지는 않습니다.
i:\tools\owm_viewer\owm_viewer\creadowmdl.cpp(144): warning C4700: 초기화되지 않은 'a' 지역 변수를 사용했습니다.
i:\tools\owm_viewer\owm_viewer\creadowmdl.cpp(421): warning C4700: 초기화되지 않은 'a' 지역 변수를 사용했습니다.
  OWM_Viewer.vcxproj -> I:\Tools\OWM_Viewer\Debug\OWM_Viewer.exe
  OWM_Viewer.vcxproj -> I:\Tools\OWM_Viewer\Debug\OWM_Viewer.pdb (Full PDB)
