  netOmok_Server.cpp
k:\work\git\netomok_server\netomok_server.cpp(243): warning C4018: '<': signed 또는 unsigned가 일치하지 않습니다.
k:\work\git\netomok_server\netomok_server.cpp(269): warning C4018: '<': signed 또는 unsigned가 일치하지 않습니다.
k:\work\git\netomok_server\netomok_server.cpp(318): warning C4018: '<': signed 또는 unsigned가 일치하지 않습니다.
k:\work\git\netomok_server\netomok_server.cpp(330): warning C4018: '<': signed 또는 unsigned가 일치하지 않습니다.
k:\work\git\netomok_server\netomok_server.cpp(177): warning C4996: 'inet_addr': Use inet_pton() or InetPton() instead or define _WINSOCK_DEPRECATED_NO_WARNINGS to disable deprecated API warnings
  c:\program files (x86)\windows kits\8.1\include\um\winsock2.h(1850): note: 'inet_addr' 선언을 참조하십시오.
k:\work\git\netomok_server\netomok_server.cpp(187): warning C4996: 'WSAAsyncSelect': Use WSAEventSelect() instead or define _WINSOCK_DEPRECATED_NO_WARNINGS to disable deprecated API warnings
  c:\program files (x86)\windows kits\8.1\include\um\winsock2.h(2699): note: 'WSAAsyncSelect' 선언을 참조하십시오.
k:\work\git\netomok_server\netomok_server.cpp(205): warning C4996: 'WSAAsyncSelect': Use WSAEventSelect() instead or define _WINSOCK_DEPRECATED_NO_WARNINGS to disable deprecated API warnings
  c:\program files (x86)\windows kits\8.1\include\um\winsock2.h(2699): note: 'WSAAsyncSelect' 선언을 참조하십시오.
k:\work\git\netomok_server\netomok_server.cpp(207): warning C4996: 'sprintf': This function or variable may be unsafe. Consider using sprintf_s instead. To disable deprecation, use _CRT_SECURE_NO_WARNINGS. See online help for details.
  c:\program files (x86)\windows kits\10\include\10.0.10240.0\ucrt\stdio.h(1769): note: 'sprintf' 선언을 참조하십시오.
k:\work\git\netomok_server\netomok_server.cpp(213): warning C4996: 'WSAAsyncSelect': Use WSAEventSelect() instead or define _WINSOCK_DEPRECATED_NO_WARNINGS to disable deprecated API warnings
  c:\program files (x86)\windows kits\8.1\include\um\winsock2.h(2699): note: 'WSAAsyncSelect' 선언을 참조하십시오.
k:\work\git\netomok_server\netomok_server.cpp(215): warning C4996: 'sprintf': This function or variable may be unsafe. Consider using sprintf_s instead. To disable deprecation, use _CRT_SECURE_NO_WARNINGS. See online help for details.
  c:\program files (x86)\windows kits\10\include\10.0.10240.0\ucrt\stdio.h(1769): note: 'sprintf' 선언을 참조하십시오.
k:\work\git\netomok_server\netomok_server.cpp(235): warning C4996: 'sprintf': This function or variable may be unsafe. Consider using sprintf_s instead. To disable deprecation, use _CRT_SECURE_NO_WARNINGS. See online help for details.
  c:\program files (x86)\windows kits\10\include\10.0.10240.0\ucrt\stdio.h(1769): note: 'sprintf' 선언을 참조하십시오.
k:\work\git\netomok_server\netomok_server.cpp(274): warning C4996: 'sprintf': This function or variable may be unsafe. Consider using sprintf_s instead. To disable deprecation, use _CRT_SECURE_NO_WARNINGS. See online help for details.
  c:\program files (x86)\windows kits\10\include\10.0.10240.0\ucrt\stdio.h(1769): note: 'sprintf' 선언을 참조하십시오.
k:\work\git\netomok_server\netomok_server.cpp(321): warning C4996: 'sprintf': This function or variable may be unsafe. Consider using sprintf_s instead. To disable deprecation, use _CRT_SECURE_NO_WARNINGS. See online help for details.
  c:\program files (x86)\windows kits\10\include\10.0.10240.0\ucrt\stdio.h(1769): note: 'sprintf' 선언을 참조하십시오.
k:\work\git\netomok_server\netomok_server.cpp(332): warning C4996: 'sprintf': This function or variable may be unsafe. Consider using sprintf_s instead. To disable deprecation, use _CRT_SECURE_NO_WARNINGS. See online help for details.
  c:\program files (x86)\windows kits\10\include\10.0.10240.0\ucrt\stdio.h(1769): note: 'sprintf' 선언을 참조하십시오.
k:\work\git\netomok_server\netomok_server.cpp(333): warning C4996: 'sprintf': This function or variable may be unsafe. Consider using sprintf_s instead. To disable deprecation, use _CRT_SECURE_NO_WARNINGS. See online help for details.
  c:\program files (x86)\windows kits\10\include\10.0.10240.0\ucrt\stdio.h(1769): note: 'sprintf' 선언을 참조하십시오.
k:\work\git\netomok_server\netomok_server.cpp(334): warning C4996: 'sprintf': This function or variable may be unsafe. Consider using sprintf_s instead. To disable deprecation, use _CRT_SECURE_NO_WARNINGS. See online help for details.
  c:\program files (x86)\windows kits\10\include\10.0.10240.0\ucrt\stdio.h(1769): note: 'sprintf' 선언을 참조하십시오.
k:\work\git\netomok_server\netomok_server.cpp(335): warning C4996: 'sprintf': This function or variable may be unsafe. Consider using sprintf_s instead. To disable deprecation, use _CRT_SECURE_NO_WARNINGS. See online help for details.
  c:\program files (x86)\windows kits\10\include\10.0.10240.0\ucrt\stdio.h(1769): note: 'sprintf' 선언을 참조하십시오.
k:\work\git\netomok_server\netomok_server.cpp(381): warning C4101: 'wsadata' :참조되지 않은 지역 변수입니다.
k:\work\git\netomok_server\netomok_server.cpp(398): warning C4700: 초기화되지 않은 's' 지역 변수를 사용했습니다.
  netOmok_Server.vcxproj -> K:\WORK\git\netOmok_Server\Debug\netOmok_Server.exe
  netOmok_Server.vcxproj -> K:\WORK\git\netOmok_Server\Debug\netOmok_Server.pdb (Full PDB)
